function jQuery(){
console.log(arguments);
}
undefined
jQuery(document);
VM212:2 Arguments [document, callee: ƒ, Symbol(Symbol.iterator): ƒ]
undefined
jQuery("button");
VM212:2 Arguments ["button", callee: ƒ, Symbol(Symbol.iterator): ƒ]
undefined
jQuery([10,20]);
VM212:2 Arguments [Array(2), callee: ƒ, Symbol(Symbol.iterator): ƒ]
undefined
var $ = jQuery;
undefined
$;
ƒ jQuery(){
console.log(arguments);
}
typeof $;
"function"
$();
VM212:2 Arguments [callee: ƒ, Symbol(Symbol.iterator): ƒ]
undefined
